Case #1:
1001100011110111 3 2 5 2 5 2 3 2 11
1010111000011001 7 2 10739 2 13 2 3229 2 7
1110100111000001 3 2 5 2 7 2 3 2 11
1010001001101001 3 7 13 3 31 23 3 73 7
1001011111010101 47 2 7 2 5 2 17 2 83
1101110101111111 3 7 13 3 31 43 3 11 7
1011101100100011 3 17 3 3 67 3 3 42703 3
1010000010001101 23 2 3 2 389 2 53 2 3
1110111100111111 73 7 2749 77359 15761 17 61 29 7
1111000111100101 5 2 17 2 5 2 5 2 101
1000000101000101 3 127 7 3 5 1783 3 641 59
1011011010101001 3 7 3 3 31 3 3 73 3
1010110110001011 3 5 3 3 1873 3 3 2657 3
1000011011011001 3 2 5 2 7 2 3 2 11
1001110000100001 3 2 3 2 7 2 3 2 3
1100100011110001 3 2 5 2 7 2 3 2 11
1100110111010001 3 7 3 3 13 3 3 7 3
1000101010101001 7 5 5 521 11 11 5 5 23
1111010101111101 5 2 3 2 29 2 5 2 3
1001001100100001 3 2 3 2 7 2 3 2 3
1000100001001101 3 2 3 2 7 2 3 2 3
1110100000111011 3 7 3 3 31 3 3 7 3
1000100010010111 73 5 83 317 13 1294471 5 11 43
1001100011101101 11 17 3 71 139 3 157 53 3
1101101111111101 199 5 6151 17 11 1724761 5 13 19
1100011011000011 3 2 5 2 7 2 3 2 11
1100011010111111 83 7 12911 71 11 193 491 587 7
1111110000101101 3 2 5 2 5 2 3 2 7
1101010110100011 7 13 3 31 43 3 73 7 3
1111001110000111 3 2 5 2 5 2 3 2 11
1001000111100101 13 2 7 2 11 2 3599231 2 7
1010100101111101 3 2 5 2 5 2 3 2 7
1011110110110111 3 2 3 2 7 2 3 2 3
1101011111001111 101 2 3 2 149 2 137 2 3
1001101100111101 3 2 5 2 5 2 3 2 11
1111101001100111 13 5 7 23633 113 35323 5 181 7
1101001110001111 3 2 5 2 5 2 3 2 11
1001110000111011 5 7 3 137 229 3 2341 31 3
1100100011101011 3 71 3 3 13 3 3 605551 3
1000011101110101 3 107 3 3 1277 3 3 23 3
1111110000111011 13 29 43 277 17 113 31 6823 79
1110111000000011 13 2 73 2 47 2 47 2 1153
1001010000111101 137 2 21001 2 11 2 17 2 71
1001100100011001 7 5 2239 19 41 13 5 7 521
1111001010101101 5 2 17 2 5 2 5 2 7
1011011011010001 17 947 3 151 787 3 43 11 3
1111000101001001 19 2 2351 2 431 2 11 2 7907
1001100111100011 5 17 3 47 47 3 811 11085611 3
1111001000010101 29 2 193 2 11 2 107 2 23
1100101011111111 157 2 3 2 337 2 37 2 3
